<?xml version="1.0" encoding="UTF-8"?>
<!-- Generated by org.testng.reporters.JUnitReportReporter -->
<testsuite hostname="LAPTOP-T8I5JFI7" failures="0" tests="1" name="com.package1.Trial_Project1.TestCase1" time="28.967" errors="0" timestamp="2024-09-20T19:49:49 IST" skipped="0">
  <testcase classname="com.package1.Trial_Project1.TestCase1" name="login_to_amazon" time="28.967"/>
  <system-out/>
</testsuite> <!-- com.package1.Trial_Project1.TestCase1 -->
