<?xml version="1.0" encoding="UTF-8"?>
<!-- Generated by org.testng.reporters.JUnitReportReporter -->
<testsuite hostname="LAPTOP-T8I5JFI7" failures="0" tests="1" name="com.package1.Trial_Project1.FbLogin" time="77.780" errors="0" timestamp="2024-09-20T18:44:00 IST" skipped="0">
  <testcase classname="com.package1.Trial_Project1.FbLogin" name="login_to_facebook" time="77.780"/>
</testsuite> <!-- com.package1.Trial_Project1.FbLogin -->
